<?xml version="1.0" encoding="UTF-8"?>
<!-- Generated by org.testng.reporters.JUnitReportReporter -->
<testsuite hostname="DESKTOP-8C0LO3K" failures="0" tests="1" name="com.demowebshop.tests.LoginTest" time="6.824" errors="0" timestamp="2024-06-24T19:25:52 IST" skipped="0">
  <testcase classname="com.demowebshop.tests.LoginTest" name="verifyUserIsAbleToLoginWithValidCreds" time="6.824"/>
</testsuite> <!-- com.demowebshop.tests.LoginTest -->
