<?xml version="1.0" encoding="UTF-8"?>
<!-- Generated by org.testng.reporters.JUnitReportReporter -->
<testsuite hostname="DESKTOP-8C0LO3K" failures="0" tests="1" name="com.demowebshop.tests.PurchaseTest" time="10.423" errors="0" timestamp="2024-06-28T20:28:56 IST" skipped="0">
  <testcase classname="com.demowebshop.tests.PurchaseTest" name="verifyUserIsAbleToBuyAProduct" time="10.423"/>
</testsuite> <!-- com.demowebshop.tests.PurchaseTest -->
