<?xml version="1.0" encoding="UTF-8"?>
<!-- Generated by org.testng.reporters.JUnitReportReporter -->
<testsuite hostname="DESKTOP-8C0LO3K" failures="0" tests="1" name="com.demowebshop.tests.DataRegisteration" time="8.167" errors="0" timestamp="2024-06-25T19:56:10 IST" skipped="0">
  <testcase classname="com.demowebshop.tests.DataRegisteration" name="verifyUserIsAbleToRegister" time="8.167"/>
</testsuite> <!-- com.demowebshop.tests.DataRegisteration -->
