<?xml version="1.0" encoding="UTF-8"?>
<!-- Generated by org.testng.reporters.JUnitReportReporter -->
<testsuite hostname="DESKTOP-8C0LO3K" failures="0" tests="1" name="com.demowebshop.tests.RegisterationDP" time="22.432" errors="0" timestamp="2024-07-01T19:39:18 IST" skipped="0">
  <testcase classname="com.demowebshop.tests.RegisterationDP" name="verifyUserIsAbleToRegisterThroughDP" time="22.432"/>
</testsuite> <!-- com.demowebshop.tests.RegisterationDP -->
