<?xml version="1.0" encoding="UTF-8"?>
<!-- Generated by org.testng.reporters.JUnitReportReporter -->
<testsuite hostname="DESKTOP-8C0LO3K" failures="0" tests="1" name="com.demowebshop.tests.SubscribeTest" time="8.579" errors="0" timestamp="2024-06-18T20:09:58 IST" skipped="0">
  <testcase classname="com.demowebshop.tests.SubscribeTest" name="verifyUserIsAbleToSubscribeNewsLetter" time="8.579"/>
</testsuite> <!-- com.demowebshop.tests.SubscribeTest -->
