<?xml version="1.0" encoding="UTF-8"?>
<!-- Generated by org.testng.reporters.JUnitReportReporter -->
<testsuite hostname="DESKTOP-8C0LO3K" failures="0" tests="1" name="com.demowebshop.tests.SubscribeTest" time="11.123" errors="0" timestamp="2024-06-19T19:50:50 IST" skipped="0">
  <testcase classname="com.demowebshop.tests.SubscribeTest" name="verifyUserIsAbleToSubscribeNewsLetter" time="11.123"/>
</testsuite> <!-- com.demowebshop.tests.SubscribeTest -->
