<?xml version="1.0" encoding="UTF-8"?>
<!-- Generated by org.testng.reporters.JUnitReportReporter -->
<testsuite hostname="DESKTOP-8C0LO3K" failures="0" tests="1" name="com.demowebshop.tests.DataRegisteration" time="8.038" errors="0" timestamp="2024-06-27T20:04:04 IST" skipped="0">
  <testcase classname="com.demowebshop.tests.DataRegisteration" name="verifyUserIsAbleToRegister" time="8.038"/>
</testsuite> <!-- com.demowebshop.tests.DataRegisteration -->
