<?xml version="1.0" encoding="UTF-8"?>
<!-- Generated by org.testng.reporters.JUnitReportReporter -->
<testsuite hostname="DESKTOP-8C0LO3K" failures="0" tests="1" name="com.demowebshop.Utils.UniqueGenerator" time="0.039" errors="0" timestamp="2024-06-19T19:47:21 IST" skipped="0">
  <testcase classname="com.demowebshop.Utils.UniqueGenerator" name="getCurrentDateTime" time="0.039"/>
</testsuite> <!-- com.demowebshop.Utils.UniqueGenerator -->
