<?xml version="1.0" encoding="UTF-8"?>
<!-- Generated by org.testng.reporters.JUnitReportReporter -->
<testsuite hostname="DESKTOP-8C0LO3K" failures="0" tests="1" name="com.demowebshop.tests.SubscribeTest" time="13.739" errors="0" timestamp="2024-06-28T20:28:56 IST" skipped="0">
  <testcase classname="com.demowebshop.tests.SubscribeTest" name="verifyUserIsAbleToSubscribeNewsLetter" time="13.739"/>
</testsuite> <!-- com.demowebshop.tests.SubscribeTest -->
